[2022-07-10 21:16:12] [ INFO ] [OdontologoServiceImpl:40] Se listaron los Odontologos disponibles
[2022-07-10 21:33:44] [ INFO ] [OdontologoServiceImpl:36] No se encontro ningun odontologo cargado
[2022-07-10 21:38:58] [ INFO ] [OdontologoServiceImpl:68] Se registro el Odontologo
[2022-07-10 21:39:01] [ INFO ] [OdontologoServiceImpl:41] Se listaron los Odontologos disponibles
[2022-07-10 21:39:39] [ INFO ] [OdontologoServiceImpl:107] Se eliminó al odontólogo
[2022-07-10 21:48:23] [ INFO ] [PacienteServiceImpl:34] No se encontro ningun paciente cargado
[2022-07-10 21:48:55] [ INFO ] [PacienteServiceImpl:69] Se registro un Paciente
[2022-07-10 21:48:57] [ INFO ] [PacienteServiceImpl:40] Se listaron los Pacientes disponibles
[2022-07-10 21:48:58] [ INFO ] [PacienteServiceImpl:103] Se eliminó al Paciente
[2022-07-10 21:55:02] [ INFO ] [OdontologoServiceImpl:68] Se registro el Odontologo
[2022-07-10 21:55:04] [ INFO ] [OdontologoServiceImpl:41] Se listaron los Odontologos disponibles
[2022-07-10 21:55:04] [ INFO ] [OdontologoServiceImpl:107] Se eliminó al odontólogo id=1 de la base de datos
[2022-07-10 21:59:44] [ INFO ] [PacienteServiceImpl:34] No se encontro ningun paciente cargado
[2022-07-10 22:01:44] [ INFO ] [OdontologoServiceImpl:36] No se encontro ningun odontologo cargado
[2022-07-10 22:44:28] [ INFO ] [PacienteServiceImpl:34] No se encontro ningun paciente cargado
[2022-07-10 22:45:52] [ INFO ] [PacienteServiceImpl:34] No se encontro ningun paciente cargado
[2022-07-10 22:46:41] [ INFO ] [PacienteServiceImpl:34] No se encontro ningun paciente cargado
[2022-07-10 23:32:02] [ INFO ] [OdontologoServiceImpl:68] Se registro el Odontologo
[2022-07-10 23:32:05] [ INFO ] [OdontologoServiceImpl:41] Se listaron los Odontologos disponibles
[2022-07-10 23:32:09] [ INFO ] [OdontologoServiceImpl:68] Se registro el Odontologo
[2022-07-10 23:32:11] [ INFO ] [OdontologoServiceImpl:41] Se listaron los Odontologos disponibles
[2022-07-10 23:32:12] [ INFO ] [OdontologoServiceImpl:107] Se elimino al odontologo id=1 de la base de datos
[2022-07-10 23:32:12] [ INFO ] [OdontologoServiceImpl:107] Se elimino al odontologo id=2 de la base de datos
[2022-07-11 01:49:14] [ INFO ] [OdontologoServiceImpl:68] Se registro el Odontologo
[2022-07-11 01:49:16] [ INFO ] [OdontologoServiceImpl:41] Se listaron los Odontologos disponibles
[2022-07-11 01:51:14] [ INFO ] [OdontologoServiceImpl:68] Se registro el Odontologo
[2022-07-11 01:51:15] [ INFO ] [OdontologoServiceImpl:41] Se listaron los Odontologos disponibles
[2022-07-11 01:53:32] [ INFO ] [OdontologoServiceImpl:68] Se registro el Odontologo
[2022-07-11 01:53:34] [ INFO ] [OdontologoServiceImpl:41] Se listaron los Odontologos disponibles
[2022-07-11 01:55:58] [ INFO ] [OdontologoServiceImpl:68] Se registro el Odontologo
[2022-07-11 01:56:00] [ INFO ] [OdontologoServiceImpl:41] Se listaron los Odontologos disponibles
[2022-07-11 01:56:05] [ INFO ] [OdontologoServiceImpl:68] Se registro el Odontologo
[2022-07-11 01:56:07] [ INFO ] [OdontologoServiceImpl:41] Se listaron los Odontologos disponibles
[2022-07-11 01:56:58] [ INFO ] [OdontologoServiceImpl:68] Se registro el Odontologo
[2022-07-11 01:57:00] [ INFO ] [OdontologoServiceImpl:41] Se listaron los Odontologos disponibles
[2022-07-11 01:58:28] [ INFO ] [OdontologoServiceImpl:68] Se registro el Odontologo
[2022-07-11 01:58:30] [ INFO ] [OdontologoServiceImpl:41] Se listaron los Odontologos disponibles
[2022-07-11 02:00:33] [ INFO ] [OdontologoServiceImpl:68] Se registro el Odontologo
[2022-07-11 02:00:35] [ INFO ] [OdontologoServiceImpl:41] Se listaron los Odontologos disponibles
[2022-07-11 02:02:21] [ INFO ] [OdontologoServiceImpl:68] Se registro el Odontologo
[2022-07-11 02:02:23] [ INFO ] [OdontologoServiceImpl:41] Se listaron los Odontologos disponibles
[2022-07-11 02:06:14] [ INFO ] [OdontologoServiceImpl:68] Se registro el Odontologo
[2022-07-11 02:06:16] [ INFO ] [OdontologoServiceImpl:41] Se listaron los Odontologos disponibles
[2022-07-11 02:23:30] [ INFO ] [OdontologoServiceImpl:68] Se registro el Odontologo
[2022-07-11 02:23:31] [ INFO ] [OdontologoServiceImpl:41] Se listaron los Odontologos disponibles
[2022-07-11 02:23:34] [ INFO ] [OdontologoServiceImpl:107] Se elimino al odontologo id=1 de la base de datos
[2022-07-11 02:23:38] [ INFO ] [OdontologoServiceImpl:36] No se encontro ningun odontologo cargado
[2022-07-11 02:30:14] [ INFO ] [OdontologoServiceImpl:36] No se encontro ningun odontologo cargado
[2022-07-11 02:30:18] [ INFO ] [OdontologoServiceImpl:36] No se encontro ningun odontologo cargado
[2022-07-11 02:30:20] [ INFO ] [PacienteServiceImpl:34] No se encontro ningun paciente cargado
[2022-07-11 02:30:22] [ INFO ] [OdontologoServiceImpl:36] No se encontro ningun odontologo cargado
[2022-07-11 02:33:48] [ INFO ] [OdontologoServiceImpl:36] No se encontro ningun odontologo cargado
[2022-07-11 02:33:54] [ INFO ] [OdontologoServiceImpl:68] Se registro el Odontologo
[2022-07-11 02:33:56] [ INFO ] [OdontologoServiceImpl:41] Se listaron los Odontologos disponibles
[2022-07-11 02:38:36] [ INFO ] [OdontologoServiceImpl:68] Se registro el Odontologo
[2022-07-11 02:39:24] [ INFO ] [OdontologoServiceImpl:68] Se registro el Odontologo
[2022-07-11 02:39:25] [ INFO ] [OdontologoServiceImpl:41] Se listaron los Odontologos disponibles
[2022-07-11 02:39:28] [ INFO ] [PacienteServiceImpl:34] No se encontro ningun paciente cargado
[2022-07-11 02:40:39] [ INFO ] [OdontologoServiceImpl:68] Se registro el Odontologo
[2022-07-11 02:40:40] [ INFO ] [OdontologoServiceImpl:41] Se listaron los Odontologos disponibles
[2022-07-11 02:43:27] [ INFO ] [OdontologoServiceImpl:68] Se registro el Odontologo
[2022-07-11 02:43:30] [ INFO ] [OdontologoServiceImpl:41] Se listaron los Odontologos disponibles
[2022-07-11 02:45:00] [ INFO ] [OdontologoServiceImpl:68] Se registro el Odontologo
[2022-07-11 02:45:01] [ INFO ] [OdontologoServiceImpl:41] Se listaron los Odontologos disponibles
[2022-07-11 02:45:49] [ INFO ] [OdontologoServiceImpl:68] Se registro el Odontologo
[2022-07-11 02:45:51] [ INFO ] [OdontologoServiceImpl:41] Se listaron los Odontologos disponibles
[2022-07-11 02:46:25] [ INFO ] [OdontologoServiceImpl:68] Se registro el Odontologo
[2022-07-11 02:46:26] [ INFO ] [OdontologoServiceImpl:41] Se listaron los Odontologos disponibles
[2022-07-11 02:47:04] [ INFO ] [OdontologoServiceImpl:68] Se registro el Odontologo
[2022-07-11 02:47:05] [ INFO ] [OdontologoServiceImpl:41] Se listaron los Odontologos disponibles
[2022-07-11 02:48:04] [ INFO ] [OdontologoServiceImpl:68] Se registro el Odontologo
[2022-07-11 02:48:05] [ INFO ] [OdontologoServiceImpl:41] Se listaron los Odontologos disponibles
[2022-07-11 02:48:38] [ INFO ] [OdontologoServiceImpl:68] Se registro el Odontologo
[2022-07-11 02:48:40] [ INFO ] [OdontologoServiceImpl:41] Se listaron los Odontologos disponibles
[2022-07-11 02:52:11] [ INFO ] [OdontologoServiceImpl:68] Se registro el Odontologo
[2022-07-11 02:52:12] [ INFO ] [OdontologoServiceImpl:41] Se listaron los Odontologos disponibles
[2022-07-11 02:53:43] [ INFO ] [OdontologoServiceImpl:68] Se registro el Odontologo
[2022-07-11 02:53:44] [ INFO ] [OdontologoServiceImpl:41] Se listaron los Odontologos disponibles
[2022-07-11 02:53:45] [ INFO ] [OdontologoServiceImpl:51] Se encontro el odontologo id:1
[2022-07-11 02:54:32] [ INFO ] [OdontologoServiceImpl:68] Se registro el Odontologo
[2022-07-11 02:54:34] [ INFO ] [OdontologoServiceImpl:41] Se listaron los Odontologos disponibles
[2022-07-11 02:54:35] [ INFO ] [OdontologoServiceImpl:51] Se encontro el odontologo id:1
[2022-07-11 02:54:44] [ INFO ] [OdontologoServiceImpl:41] Se listaron los Odontologos disponibles
[2022-07-11 02:54:46] [ INFO ] [OdontologoServiceImpl:41] Se listaron los Odontologos disponibles
[2022-07-11 02:54:48] [ INFO ] [OdontologoServiceImpl:51] Se encontro el odontologo id:1
[2022-07-11 02:55:01] [ INFO ] [OdontologoServiceImpl:41] Se listaron los Odontologos disponibles
[2022-07-11 02:55:07] [ INFO ] [OdontologoServiceImpl:51] Se encontro el odontologo id:1
[2022-07-11 02:56:49] [ INFO ] [OdontologoServiceImpl:68] Se registro el Odontologo
[2022-07-11 02:56:51] [ INFO ] [OdontologoServiceImpl:41] Se listaron los Odontologos disponibles
[2022-07-11 02:56:52] [ INFO ] [OdontologoServiceImpl:51] Se encontro el odontologo id:1
[2022-07-11 02:57:39] [ INFO ] [OdontologoServiceImpl:68] Se registro el Odontologo
[2022-07-11 02:57:40] [ INFO ] [OdontologoServiceImpl:41] Se listaron los Odontologos disponibles
[2022-07-11 02:57:41] [ INFO ] [OdontologoServiceImpl:51] Se encontro el odontologo id:1
[2022-07-11 12:52:18] [ INFO ] [OdontologoServiceImpl:41] Se listaron los Odontologos disponibles
[2022-07-11 12:52:21] [ INFO ] [OdontologoServiceImpl:51] Se encontro el odontologo id:1
[2022-07-11 12:55:27] [ INFO ] [OdontologoServiceImpl:68] Se registro el Odontologo
[2022-07-11 12:55:29] [ INFO ] [OdontologoServiceImpl:41] Se listaron los Odontologos disponibles
[2022-07-11 12:55:31] [ INFO ] [OdontologoServiceImpl:51] Se encontro el odontologo id:1
[2022-07-11 12:55:41] [ INFO ] [OdontologoServiceImpl:41] Se listaron los Odontologos disponibles
[2022-07-11 12:55:53] [ INFO ] [OdontologoServiceImpl:41] Se listaron los Odontologos disponibles
[2022-07-11 13:08:02] [ INFO ] [OdontologoServiceImpl:68] Se registro el Odontologo
[2022-07-11 13:08:04] [ INFO ] [OdontologoServiceImpl:41] Se listaron los Odontologos disponibles
[2022-07-11 13:08:04] [ INFO ] [OdontologoServiceImpl:51] Se encontro el odontologo id:1
[2022-07-11 13:08:13] [ INFO ] [OdontologoServiceImpl:51] Se encontro el odontologo id:1
[2022-07-11 13:09:27] [ INFO ] [OdontologoServiceImpl:68] Se registro el Odontologo
[2022-07-11 13:09:28] [ INFO ] [OdontologoServiceImpl:41] Se listaron los Odontologos disponibles
[2022-07-11 13:09:29] [ INFO ] [OdontologoServiceImpl:51] Se encontro el odontologo id:1
[2022-07-11 13:10:05] [ INFO ] [OdontologoServiceImpl:68] Se registro el Odontologo
[2022-07-11 13:10:07] [ INFO ] [OdontologoServiceImpl:41] Se listaron los Odontologos disponibles
[2022-07-11 13:10:08] [ INFO ] [OdontologoServiceImpl:51] Se encontro el odontologo id:1
[2022-07-11 13:10:14] [ INFO ] [OdontologoServiceImpl:41] Se listaron los Odontologos disponibles
[2022-07-11 13:10:18] [ INFO ] [OdontologoServiceImpl:41] Se listaron los Odontologos disponibles
[2022-07-11 13:11:19] [ INFO ] [OdontologoServiceImpl:36] No se encontro ningun odontologo cargado
[2022-07-11 13:11:25] [ INFO ] [OdontologoServiceImpl:68] Se registro el Odontologo
[2022-07-11 13:11:27] [ INFO ] [OdontologoServiceImpl:41] Se listaron los Odontologos disponibles
[2022-07-11 13:11:28] [ INFO ] [OdontologoServiceImpl:51] Se encontro el odontologo id:1
[2022-07-11 13:11:34] [ INFO ] [OdontologoServiceImpl:81] Se actualizo el Odontologo
[2022-07-11 13:11:34] [ INFO ] [OdontologoServiceImpl:41] Se listaron los Odontologos disponibles
[2022-07-11 13:11:38] [ INFO ] [OdontologoServiceImpl:51] Se encontro el odontologo id:1
[2022-07-11 13:11:53] [ INFO ] [OdontologoServiceImpl:81] Se actualizo el Odontologo
[2022-07-11 13:11:53] [ INFO ] [OdontologoServiceImpl:41] Se listaron los Odontologos disponibles
[2022-07-11 13:12:57] [ INFO ] [OdontologoServiceImpl:68] Se registro el Odontologo
[2022-07-11 13:12:58] [ INFO ] [OdontologoServiceImpl:41] Se listaron los Odontologos disponibles
[2022-07-11 13:12:59] [ INFO ] [OdontologoServiceImpl:51] Se encontro el odontologo id:1
[2022-07-11 13:16:15] [ INFO ] [OdontologoServiceImpl:68] Se registro el Odontologo
[2022-07-11 13:16:17] [ INFO ] [OdontologoServiceImpl:41] Se listaron los Odontologos disponibles
[2022-07-11 13:16:18] [ INFO ] [OdontologoServiceImpl:51] Se encontro el odontologo id:1
[2022-07-11 13:17:05] [ INFO ] [OdontologoServiceImpl:68] Se registro el Odontologo
[2022-07-11 13:17:08] [ INFO ] [OdontologoServiceImpl:41] Se listaron los Odontologos disponibles
[2022-07-11 13:17:09] [ INFO ] [OdontologoServiceImpl:51] Se encontro el odontologo id:1
[2022-07-11 13:21:33] [ INFO ] [OdontologoServiceImpl:36] No se encontro ningun odontologo cargado
[2022-07-11 13:21:41] [ INFO ] [OdontologoServiceImpl:68] Se registro el Odontologo
[2022-07-11 13:21:42] [ INFO ] [OdontologoServiceImpl:41] Se listaron los Odontologos disponibles
[2022-07-11 13:21:44] [ INFO ] [OdontologoServiceImpl:51] Se encontro el odontologo id:1
[2022-07-11 13:24:44] [ INFO ] [OdontologoServiceImpl:68] Se registro el Odontologo
[2022-07-11 13:24:46] [ INFO ] [OdontologoServiceImpl:41] Se listaron los Odontologos disponibles
[2022-07-11 13:24:48] [ INFO ] [OdontologoServiceImpl:51] Se encontro el odontologo id:1
[2022-07-11 13:24:58] [ INFO ] [OdontologoServiceImpl:81] Se actualizo el Odontologo
[2022-07-11 13:24:59] [ INFO ] [OdontologoServiceImpl:41] Se listaron los Odontologos disponibles
[2022-07-11 13:27:01] [ INFO ] [OdontologoServiceImpl:68] Se registro el Odontologo
[2022-07-11 13:27:02] [ INFO ] [OdontologoServiceImpl:41] Se listaron los Odontologos disponibles
[2022-07-11 13:27:04] [ INFO ] [OdontologoServiceImpl:51] Se encontro el odontologo id:1
[2022-07-11 13:28:32] [ INFO ] [OdontologoServiceImpl:36] No se encontro ningun odontologo cargado
[2022-07-11 13:28:36] [ INFO ] [OdontologoServiceImpl:68] Se registro el Odontologo
[2022-07-11 13:28:38] [ INFO ] [OdontologoServiceImpl:41] Se listaron los Odontologos disponibles
[2022-07-11 13:28:40] [ INFO ] [OdontologoServiceImpl:51] Se encontro el odontologo id:1
[2022-07-11 13:28:50] [ INFO ] [OdontologoServiceImpl:81] Se actualizo el Odontologo
[2022-07-11 13:28:50] [ INFO ] [OdontologoServiceImpl:41] Se listaron los Odontologos disponibles
[2022-07-11 13:30:45] [ INFO ] [OdontologoServiceImpl:68] Se registro el Odontologo
[2022-07-11 13:30:47] [ INFO ] [OdontologoServiceImpl:41] Se listaron los Odontologos disponibles
[2022-07-11 13:30:48] [ INFO ] [OdontologoServiceImpl:51] Se encontro el odontologo id:1
[2022-07-11 13:30:52] [ INFO ] [OdontologoServiceImpl:81] Se actualizo el Odontologo
[2022-07-11 13:30:53] [ INFO ] [OdontologoServiceImpl:41] Se listaron los Odontologos disponibles
[2022-07-11 13:30:55] [ INFO ] [OdontologoServiceImpl:107] Se elimino al odontologo id=1 de la base de datos
[2022-07-11 13:30:57] [ INFO ] [OdontologoServiceImpl:36] No se encontro ningun odontologo cargado
[2022-07-11 13:33:37] [ INFO ] [PacienteServiceImpl:34] No se encontro ningun paciente cargado
[2022-07-11 13:46:48] [ INFO ] [OdontologoServiceImpl:68] Se registro el Odontologo
[2022-07-11 13:46:51] [ INFO ] [OdontologoServiceImpl:41] Se listaron los Odontologos disponibles
[2022-07-11 13:46:54] [ INFO ] [OdontologoServiceImpl:51] Se encontro el odontologo id:1
[2022-07-11 13:47:02] [ INFO ] [OdontologoServiceImpl:81] Se actualizo el Odontologo
[2022-07-11 13:47:02] [ INFO ] [OdontologoServiceImpl:41] Se listaron los Odontologos disponibles
[2022-07-11 13:55:49] [ INFO ] [OdontologoServiceImpl:36] No se encontro ningun odontologo cargado
[2022-07-11 13:55:53] [ INFO ] [OdontologoServiceImpl:68] Se registro el Odontologo
[2022-07-11 13:55:55] [ INFO ] [OdontologoServiceImpl:41] Se listaron los Odontologos disponibles
[2022-07-11 13:55:58] [ INFO ] [OdontologoServiceImpl:51] Se encontro el odontologo id:1
[2022-07-11 13:56:02] [ INFO ] [OdontologoServiceImpl:81] Se actualizo el Odontologo
[2022-07-11 13:56:02] [ INFO ] [OdontologoServiceImpl:41] Se listaron los Odontologos disponibles
[2022-07-11 13:56:03] [ INFO ] [OdontologoServiceImpl:107] Se elimino al odontologo id=1 de la base de datos
[2022-07-11 13:56:23] [ INFO ] [PacienteServiceImpl:69] Se registro un Paciente
[2022-07-11 13:56:28] [ INFO ] [PacienteServiceImpl:40] Se listaron los Pacientes disponibles
[2022-07-11 13:58:29] [ INFO ] [PacienteServiceImpl:69] Se registro un Paciente
[2022-07-11 13:58:31] [ INFO ] [PacienteServiceImpl:40] Se listaron los Pacientes disponibles
[2022-07-11 13:58:33] [ INFO ] [PacienteServiceImpl:52] Se encontro el Paciente
[2022-07-11 13:58:36] [ INFO ] [PacienteServiceImpl:52] Se encontro el Paciente
[2022-07-11 14:04:06] [ INFO ] [PacienteServiceImpl:34] No se encontro ningun paciente cargado
[2022-07-11 14:04:21] [ INFO ] [PacienteServiceImpl:69] Se registro un Paciente
[2022-07-11 14:04:24] [ INFO ] [PacienteServiceImpl:40] Se listaron los Pacientes disponibles
[2022-07-11 14:04:25] [ INFO ] [PacienteServiceImpl:52] Se encontro el Paciente
[2022-07-11 14:04:54] [ INFO ] [PacienteServiceImpl:52] Se encontro el Paciente
[2022-07-11 14:08:16] [ INFO ] [PacienteServiceImpl:34] No se encontro ningun paciente cargado
[2022-07-11 14:08:33] [ INFO ] [PacienteServiceImpl:69] Se registro un Paciente
[2022-07-11 14:08:35] [ INFO ] [PacienteServiceImpl:40] Se listaron los Pacientes disponibles
[2022-07-11 14:08:36] [ INFO ] [PacienteServiceImpl:52] Se encontro el Paciente
[2022-07-11 14:09:10] [ INFO ] [PacienteServiceImpl:34] No se encontro ningun paciente cargado
[2022-07-11 14:09:30] [ INFO ] [PacienteServiceImpl:69] Se registro un Paciente
[2022-07-11 14:09:32] [ INFO ] [PacienteServiceImpl:40] Se listaron los Pacientes disponibles
[2022-07-11 14:09:43] [ INFO ] [PacienteServiceImpl:103] Se elimino al Paciente
[2022-07-11 14:13:47] [ INFO ] [PacienteServiceImpl:34] No se encontro ningun paciente cargado
[2022-07-11 14:14:04] [ INFO ] [PacienteServiceImpl:69] Se registro un Paciente
[2022-07-11 14:14:06] [ INFO ] [PacienteServiceImpl:40] Se listaron los Pacientes disponibles
[2022-07-11 14:14:08] [ INFO ] [PacienteServiceImpl:52] Se encontro el Paciente
[2022-07-11 14:14:15] [ INFO ] [PacienteServiceImpl:81] Se actualizo el Paciente
[2022-07-11 14:14:15] [ INFO ] [PacienteServiceImpl:40] Se listaron los Pacientes disponibles
[2022-07-11 14:14:24] [ INFO ] [OdontologoServiceImpl:36] No se encontro ningun odontologo cargado
[2022-07-11 14:14:26] [ INFO ] [PacienteServiceImpl:40] Se listaron los Pacientes disponibles
[2022-07-11 14:14:27] [ INFO ] [PacienteServiceImpl:52] Se encontro el Paciente
[2022-07-11 14:16:19] [ INFO ] [PacienteServiceImpl:69] Se registro un Paciente
[2022-07-11 14:16:22] [ INFO ] [PacienteServiceImpl:40] Se listaron los Pacientes disponibles
[2022-07-11 14:16:23] [ INFO ] [PacienteServiceImpl:52] Se encontro el Paciente
[2022-07-11 14:16:31] [ INFO ] [PacienteServiceImpl:40] Se listaron los Pacientes disponibles
[2022-07-11 14:19:49] [ INFO ] [PacienteServiceImpl:69] Se registro un Paciente
[2022-07-11 14:19:52] [ INFO ] [PacienteServiceImpl:40] Se listaron los Pacientes disponibles
[2022-07-11 14:19:53] [ INFO ] [PacienteServiceImpl:52] Se encontro el Paciente
[2022-07-11 14:20:27] [ INFO ] [PacienteServiceImpl:34] No se encontro ningun paciente cargado
[2022-07-11 14:20:40] [ INFO ] [PacienteServiceImpl:69] Se registro un Paciente
[2022-07-11 14:20:52] [ INFO ] [PacienteServiceImpl:69] Se registro un Paciente
[2022-07-11 14:20:54] [ INFO ] [PacienteServiceImpl:40] Se listaron los Pacientes disponibles
[2022-07-11 14:20:56] [ INFO ] [PacienteServiceImpl:52] Se encontro el Paciente
[2022-07-11 14:20:59] [ INFO ] [PacienteServiceImpl:52] Se encontro el Paciente
[2022-07-11 14:21:02] [ INFO ] [PacienteServiceImpl:103] Se elimino al Paciente
[2022-07-11 14:21:03] [ INFO ] [PacienteServiceImpl:103] Se elimino al Paciente
[2022-07-11 14:22:12] [ INFO ] [PacienteServiceImpl:69] Se registro un Paciente
[2022-07-11 14:22:14] [ INFO ] [PacienteServiceImpl:40] Se listaron los Pacientes disponibles
[2022-07-11 14:22:14] [ INFO ] [PacienteServiceImpl:52] Se encontro el Paciente
[2022-07-11 14:24:59] [ INFO ] [PacienteServiceImpl:69] Se registro un Paciente
[2022-07-11 14:25:03] [ INFO ] [PacienteServiceImpl:40] Se listaron los Pacientes disponibles
[2022-07-11 14:25:03] [ INFO ] [PacienteServiceImpl:52] Se encontro el Paciente
[2022-07-11 14:26:24] [ INFO ] [PacienteServiceImpl:69] Se registro un Paciente
[2022-07-11 14:26:26] [ INFO ] [PacienteServiceImpl:40] Se listaron los Pacientes disponibles
[2022-07-11 14:26:26] [ INFO ] [PacienteServiceImpl:52] Se encontro el Paciente
[2022-07-11 14:28:21] [ INFO ] [PacienteServiceImpl:34] No se encontro ningun paciente cargado
[2022-07-11 14:28:35] [ INFO ] [PacienteServiceImpl:69] Se registro un Paciente
[2022-07-11 14:28:37] [ INFO ] [PacienteServiceImpl:40] Se listaron los Pacientes disponibles
[2022-07-11 14:28:38] [ INFO ] [PacienteServiceImpl:52] Se encontro el Paciente
[2022-07-11 14:29:45] [ INFO ] [PacienteServiceImpl:34] No se encontro ningun paciente cargado
[2022-07-11 14:29:59] [ INFO ] [PacienteServiceImpl:69] Se registro un Paciente
[2022-07-11 14:30:01] [ INFO ] [PacienteServiceImpl:40] Se listaron los Pacientes disponibles
[2022-07-11 14:30:02] [ INFO ] [PacienteServiceImpl:52] Se encontro el Paciente
[2022-07-11 14:31:17] [ INFO ] [PacienteServiceImpl:34] No se encontro ningun paciente cargado
[2022-07-11 14:31:32] [ INFO ] [PacienteServiceImpl:69] Se registro un Paciente
[2022-07-11 14:31:35] [ INFO ] [PacienteServiceImpl:40] Se listaron los Pacientes disponibles
[2022-07-11 14:31:35] [ INFO ] [PacienteServiceImpl:52] Se encontro el Paciente
[2022-07-11 14:32:34] [ INFO ] [PacienteServiceImpl:34] No se encontro ningun paciente cargado
[2022-07-11 14:32:48] [ INFO ] [PacienteServiceImpl:69] Se registro un Paciente
[2022-07-11 14:32:49] [ INFO ] [PacienteServiceImpl:40] Se listaron los Pacientes disponibles
[2022-07-11 14:32:50] [ INFO ] [PacienteServiceImpl:52] Se encontro el Paciente
[2022-07-11 14:34:12] [ INFO ] [PacienteServiceImpl:69] Se registro un Paciente
[2022-07-11 14:34:13] [ INFO ] [PacienteServiceImpl:40] Se listaron los Pacientes disponibles
[2022-07-11 14:34:14] [ INFO ] [PacienteServiceImpl:52] Se encontro el Paciente
[2022-07-11 14:35:35] [ INFO ] [PacienteServiceImpl:69] Se registro un Paciente
[2022-07-11 14:35:38] [ INFO ] [PacienteServiceImpl:40] Se listaron los Pacientes disponibles
[2022-07-11 14:35:39] [ INFO ] [PacienteServiceImpl:52] Se encontro el Paciente
[2022-07-11 14:36:35] [ INFO ] [OdontologoServiceImpl:36] No se encontro ningun odontologo cargado
[2022-07-11 14:38:07] [ INFO ] [OdontologoServiceImpl:68] Se registro el Odontologo
[2022-07-11 14:38:09] [ INFO ] [OdontologoServiceImpl:41] Se listaron los Odontologos disponibles
[2022-07-11 14:38:11] [ INFO ] [OdontologoServiceImpl:51] Se encontro el odontologo id:1
[2022-07-11 14:39:42] [ INFO ] [OdontologoServiceImpl:68] Se registro el Odontologo
[2022-07-11 14:39:45] [ INFO ] [OdontologoServiceImpl:41] Se listaron los Odontologos disponibles
[2022-07-11 14:39:47] [ INFO ] [OdontologoServiceImpl:51] Se encontro el odontologo id:1
[2022-07-11 14:40:41] [ INFO ] [OdontologoServiceImpl:68] Se registro el Odontologo
[2022-07-11 14:40:42] [ INFO ] [OdontologoServiceImpl:41] Se listaron los Odontologos disponibles
[2022-07-11 14:40:43] [ INFO ] [OdontologoServiceImpl:51] Se encontro el odontologo id:1
[2022-07-11 14:41:28] [ INFO ] [OdontologoServiceImpl:68] Se registro el Odontologo
[2022-07-11 14:41:29] [ INFO ] [OdontologoServiceImpl:41] Se listaron los Odontologos disponibles
[2022-07-11 14:41:30] [ INFO ] [OdontologoServiceImpl:51] Se encontro el odontologo id:1
[2022-07-11 14:42:20] [ INFO ] [OdontologoServiceImpl:68] Se registro el Odontologo
[2022-07-11 14:42:26] [ INFO ] [OdontologoServiceImpl:41] Se listaron los Odontologos disponibles
[2022-07-11 14:42:27] [ INFO ] [OdontologoServiceImpl:51] Se encontro el odontologo id:1
[2022-07-11 14:43:49] [ INFO ] [PacienteServiceImpl:69] Se registro un Paciente
[2022-07-11 14:43:51] [ INFO ] [PacienteServiceImpl:40] Se listaron los Pacientes disponibles
[2022-07-11 14:43:52] [ INFO ] [PacienteServiceImpl:52] Se encontro el Paciente
[2022-07-11 14:45:46] [ INFO ] [PacienteServiceImpl:69] Se registro un Paciente
[2022-07-11 14:45:48] [ INFO ] [PacienteServiceImpl:40] Se listaron los Pacientes disponibles
[2022-07-11 14:45:49] [ INFO ] [PacienteServiceImpl:52] Se encontro el Paciente
[2022-07-11 14:47:48] [ INFO ] [PacienteServiceImpl:34] No se encontro ningun paciente cargado
[2022-07-11 14:47:59] [ INFO ] [PacienteServiceImpl:69] Se registro un Paciente
[2022-07-11 14:48:02] [ INFO ] [PacienteServiceImpl:40] Se listaron los Pacientes disponibles
[2022-07-11 14:48:03] [ INFO ] [PacienteServiceImpl:52] Se encontro el Paciente
[2022-07-11 14:48:13] [ INFO ] [PacienteServiceImpl:81] Se actualizo el Paciente
[2022-07-11 14:48:13] [ INFO ] [PacienteServiceImpl:40] Se listaron los Pacientes disponibles
[2022-07-11 14:48:16] [ INFO ] [PacienteServiceImpl:52] Se encontro el Paciente
[2022-07-11 14:48:22] [ INFO ] [PacienteServiceImpl:81] Se actualizo el Paciente
[2022-07-11 14:48:22] [ INFO ] [PacienteServiceImpl:40] Se listaron los Pacientes disponibles
[2022-07-11 14:48:25] [ INFO ] [PacienteServiceImpl:103] Se elimino al Paciente
[2022-07-11 14:48:27] [ INFO ] [PacienteServiceImpl:34] No se encontro ningun paciente cargado
[2022-07-11 14:53:04] [ INFO ] [OdontologoServiceImpl:68] Se registro el Odontologo
[2022-07-11 14:53:05] [ INFO ] [OdontologoServiceImpl:41] Se listaron los Odontologos disponibles
[2022-07-11 14:53:06] [ INFO ] [OdontologoServiceImpl:51] Se encontro el odontologo id:1
[2022-07-11 14:53:08] [ INFO ] [OdontologoServiceImpl:81] Se actualizo el Odontologo
[2022-07-11 14:53:09] [ INFO ] [OdontologoServiceImpl:41] Se listaron los Odontologos disponibles
[2022-07-11 14:53:13] [ INFO ] [OdontologoServiceImpl:51] Se encontro el odontologo id:1
[2022-07-11 14:53:14] [ INFO ] [OdontologoServiceImpl:51] Se encontro el odontologo id:1
[2022-07-11 14:53:15] [ INFO ] [OdontologoServiceImpl:51] Se encontro el odontologo id:1
[2022-07-11 14:53:16] [ INFO ] [OdontologoServiceImpl:81] Se actualizo el Odontologo
[2022-07-11 14:53:16] [ INFO ] [OdontologoServiceImpl:41] Se listaron los Odontologos disponibles
[2022-07-11 14:54:08] [ INFO ] [OdontologoServiceImpl:68] Se registro el Odontologo
[2022-07-11 14:54:10] [ INFO ] [OdontologoServiceImpl:41] Se listaron los Odontologos disponibles
[2022-07-11 14:54:11] [ INFO ] [OdontologoServiceImpl:51] Se encontro el odontologo id:1
[2022-07-11 14:54:12] [ INFO ] [OdontologoServiceImpl:51] Se encontro el odontologo id:1
[2022-07-11 14:54:12] [ INFO ] [OdontologoServiceImpl:51] Se encontro el odontologo id:1
[2022-07-11 14:54:12] [ INFO ] [OdontologoServiceImpl:51] Se encontro el odontologo id:1
[2022-07-11 14:54:12] [ INFO ] [OdontologoServiceImpl:51] Se encontro el odontologo id:1
[2022-07-11 15:03:11] [ INFO ] [OdontologoServiceImpl:41] Se listaron los Odontologos disponibles
[2022-07-11 15:03:15] [ INFO ] [OdontologoServiceImpl:41] Se listaron los Odontologos disponibles
[2022-07-11 15:16:40] [ INFO ] [PacienteServiceImpl:34] No se encontro ningun paciente cargado
[2022-07-11 15:16:53] [ INFO ] [OdontologoServiceImpl:68] Se registro el Odontologo
[2022-07-11 15:17:01] [ INFO ] [OdontologoServiceImpl:41] Se listaron los Odontologos disponibles
[2022-07-11 15:17:15] [ INFO ] [PacienteServiceImpl:69] Se registro un Paciente
[2022-07-11 15:17:18] [ INFO ] [PacienteServiceImpl:40] Se listaron los Pacientes disponibles
[2022-07-11 15:19:57] [ INFO ] [OdontologoServiceImpl:68] Se registro el Odontologo
[2022-07-11 15:19:59] [ INFO ] [OdontologoServiceImpl:41] Se listaron los Odontologos disponibles
[2022-07-11 15:20:13] [ INFO ] [PacienteServiceImpl:69] Se registro un Paciente
[2022-07-11 15:20:18] [ INFO ] [PacienteServiceImpl:40] Se listaron los Pacientes disponibles
[2022-07-11 15:20:22] [ INFO ] [PacienteServiceImpl:40] Se listaron los Pacientes disponibles
[2022-07-11 15:20:26] [ INFO ] [PacienteServiceImpl:40] Se listaron los Pacientes disponibles
[2022-07-11 15:20:27] [ INFO ] [OdontologoServiceImpl:41] Se listaron los Odontologos disponibles
[2022-07-11 15:20:33] [ INFO ] [TurnoServiceImpl:72] Se registro el turno
[2022-07-11 15:23:59] [ INFO ] [TurnoServiceImpl:32] No se encontro ningun turno cargado
[2022-07-11 15:24:06] [ INFO ] [OdontologoServiceImpl:68] Se registro el Odontologo
[2022-07-11 15:24:22] [ INFO ] [PacienteServiceImpl:69] Se registro un Paciente
[2022-07-11 15:24:32] [ INFO ] [TurnoServiceImpl:72] Se registro el turno
[2022-07-11 15:24:40] [ INFO ] [TurnoServiceImpl:32] No se encontro ningun turno cargado
[2022-07-11 15:25:34] [ INFO ] [TurnoServiceImpl:72] Se registro el turno
[2022-07-11 15:25:47] [ INFO ] [OdontologoServiceImpl:68] Se registro el Odontologo
[2022-07-11 15:25:49] [ INFO ] [PacienteServiceImpl:34] No se encontro ningun paciente cargado
[2022-07-11 15:25:51] [ INFO ] [OdontologoServiceImpl:41] Se listaron los Odontologos disponibles
[2022-07-11 15:26:04] [ INFO ] [PacienteServiceImpl:69] Se registro un Paciente
[2022-07-11 15:26:08] [ INFO ] [PacienteServiceImpl:40] Se listaron los Pacientes disponibles
[2022-07-11 15:26:11] [ INFO ] [PacienteServiceImpl:40] Se listaron los Pacientes disponibles
[2022-07-11 15:26:17] [ INFO ] [TurnoServiceImpl:72] Se registro el turno
[2022-07-11 15:26:36] [ INFO ] [TurnoServiceImpl:39] Se listaron todos los turnos disponible
[2022-07-11 15:26:40] [ INFO ] [PacienteServiceImpl:58] No se encontro el paciente id:2 ya que no existe en la base de datos. Error.
[2022-07-11 15:32:44] [ INFO ] [OdontologoServiceImpl:68] Se registro el Odontologo
[2022-07-11 15:33:00] [ INFO ] [PacienteServiceImpl:69] Se registro un Paciente
[2022-07-11 15:33:10] [ INFO ] [TurnoServiceImpl:72] Se registro el turno
[2022-07-11 15:33:15] [ INFO ] [TurnoServiceImpl:39] Se listaron todos los turnos disponible
[2022-07-11 15:33:38] [ INFO ] [TurnoServiceImpl:39] Se listaron todos los turnos disponible
[2022-07-11 15:35:03] [ INFO ] [OdontologoServiceImpl:68] Se registro el Odontologo
[2022-07-11 15:35:05] [ INFO ] [OdontologoServiceImpl:41] Se listaron los Odontologos disponibles
[2022-07-11 15:35:19] [ INFO ] [PacienteServiceImpl:69] Se registro un Paciente
[2022-07-11 15:35:25] [ INFO ] [PacienteServiceImpl:40] Se listaron los Pacientes disponibles
[2022-07-11 15:35:31] [ INFO ] [TurnoServiceImpl:72] Se registro el turno
[2022-07-11 15:35:36] [ INFO ] [TurnoServiceImpl:39] Se listaron todos los turnos disponible
[2022-07-11 15:35:38] [ INFO ] [PacienteServiceImpl:52] Se encontro el Paciente
[2022-07-11 15:35:54] [ INFO ] [TurnoServiceImpl:39] Se listaron todos los turnos disponible
[2022-07-11 15:35:56] [ INFO ] [TurnoServiceImpl:39] Se listaron todos los turnos disponible
[2022-07-11 15:35:58] [ INFO ] [PacienteServiceImpl:52] Se encontro el Paciente
[2022-07-11 15:36:30] [ INFO ] [PacienteServiceImpl:40] Se listaron los Pacientes disponibles
[2022-07-11 15:36:38] [ INFO ] [PacienteServiceImpl:40] Se listaron los Pacientes disponibles
[2022-07-11 15:36:40] [ INFO ] [TurnoServiceImpl:39] Se listaron todos los turnos disponible
[2022-07-11 15:37:00] [ INFO ] [TurnoServiceImpl:39] Se listaron todos los turnos disponible
[2022-07-11 15:37:06] [ INFO ] [PacienteServiceImpl:40] Se listaron los Pacientes disponibles
[2022-07-11 15:37:48] [ INFO ] [TurnoServiceImpl:72] Se registro el turno
[2022-07-11 15:37:53] [ INFO ] [TurnoServiceImpl:39] Se listaron todos los turnos disponible
[2022-07-11 15:38:29] [ INFO ] [OdontologoServiceImpl:68] Se registro el Odontologo
[2022-07-11 15:38:53] [ INFO ] [PacienteServiceImpl:69] Se registro un Paciente
[2022-07-11 15:39:03] [ INFO ] [TurnoServiceImpl:72] Se registro el turno
[2022-07-11 15:39:06] [ INFO ] [TurnoServiceImpl:39] Se listaron todos los turnos disponible
[2022-07-11 15:43:00] [ INFO ] [OdontologoServiceImpl:68] Se registro el Odontologo
[2022-07-11 15:43:17] [ INFO ] [PacienteServiceImpl:69] Se registro un Paciente
[2022-07-11 15:43:20] [ INFO ] [PacienteServiceImpl:40] Se listaron los Pacientes disponibles
[2022-07-11 15:43:26] [ INFO ] [TurnoServiceImpl:72] Se registro el turno
[2022-07-11 15:43:28] [ INFO ] [TurnoServiceImpl:39] Se listaron todos los turnos disponible
[2022-07-11 15:45:18] [ INFO ] [OdontologoServiceImpl:41] Se listaron los Odontologos disponibles
[2022-07-11 15:45:26] [ INFO ] [OdontologoServiceImpl:68] Se registro el Odontologo
[2022-07-11 15:45:27] [ INFO ] [OdontologoServiceImpl:41] Se listaron los Odontologos disponibles
[2022-07-11 15:46:35] [ INFO ] [OdontologoServiceImpl:68] Se registro el Odontologo
[2022-07-11 15:46:57] [ INFO ] [PacienteServiceImpl:69] Se registro un Paciente
[2022-07-11 15:47:00] [ INFO ] [PacienteServiceImpl:40] Se listaron los Pacientes disponibles
[2022-07-11 15:47:10] [ INFO ] [PacienteServiceImpl:40] Se listaron los Pacientes disponibles
[2022-07-11 15:47:21] [ INFO ] [TurnoServiceImpl:72] Se registro el turno
[2022-07-11 15:47:26] [ INFO ] [TurnoServiceImpl:39] Se listaron todos los turnos disponible
[2022-07-11 15:49:09] [ INFO ] [OdontologoServiceImpl:68] Se registro el Odontologo
[2022-07-11 15:49:24] [ INFO ] [PacienteServiceImpl:69] Se registro un Paciente
[2022-07-11 15:49:47] [ INFO ] [TurnoServiceImpl:72] Se registro el turno
[2022-07-11 15:49:51] [ INFO ] [TurnoServiceImpl:39] Se listaron todos los turnos disponible
[2022-07-11 15:50:19] [ INFO ] [TurnoServiceImpl:39] Se listaron todos los turnos disponible
[2022-07-11 15:51:11] [ INFO ] [OdontologoServiceImpl:41] Se listaron los Odontologos disponibles
[2022-07-11 15:51:12] [ INFO ] [OdontologoServiceImpl:51] Se encontro el odontologo id:1
[2022-07-11 16:30:54] [ INFO ] [PacienteServiceImpl:40] Se listaron los Pacientes disponibles
[2022-07-11 16:43:03] [ INFO ] [OdontologoServiceImpl:36] No se encontro ningun odontologo cargado
[2022-07-11 16:43:08] [ INFO ] [OdontologoServiceImpl:68] Se registro el Odontologo
[2022-07-11 16:43:10] [ INFO ] [OdontologoServiceImpl:41] Se listaron los Odontologos disponibles
[2022-07-11 16:43:11] [ INFO ] [OdontologoServiceImpl:51] Se encontro el odontologo id:1
[2022-07-11 16:43:19] [ INFO ] [OdontologoServiceImpl:81] Se actualizo el Odontologo
[2022-07-11 16:43:19] [ INFO ] [OdontologoServiceImpl:41] Se listaron los Odontologos disponibles
[2022-07-11 16:43:21] [ INFO ] [OdontologoServiceImpl:107] Se elimino al odontologo id=1 de la base de datos
[2022-07-11 16:43:45] [ INFO ] [PacienteServiceImpl:69] Se registro un Paciente
[2022-07-11 16:43:47] [ INFO ] [PacienteServiceImpl:40] Se listaron los Pacientes disponibles
[2022-07-11 16:43:48] [ INFO ] [PacienteServiceImpl:52] Se encontro el Paciente
[2022-07-11 16:44:05] [ INFO ] [PacienteServiceImpl:81] Se actualizo el Paciente
[2022-07-11 16:44:06] [ INFO ] [PacienteServiceImpl:40] Se listaron los Pacientes disponibles
[2022-07-11 16:44:10] [ INFO ] [PacienteServiceImpl:103] Se elimino al Paciente
[2022-07-11 16:44:20] [ INFO ] [TurnoServiceImpl:32] No se encontro ningun turno cargado
[2022-07-11 16:54:30] [ INFO ] [OdontologoServiceImpl:68] Se registro el Odontologo
[2022-07-11 16:54:32] [ INFO ] [OdontologoServiceImpl:41] Se listaron los Odontologos disponibles
[2022-07-11 16:54:51] [ INFO ] [PacienteServiceImpl:69] Se registro un Paciente
[2022-07-11 16:54:53] [ INFO ] [PacienteServiceImpl:40] Se listaron los Pacientes disponibles
[2022-07-11 16:55:00] [ INFO ] [TurnoServiceImpl:72] Se registro el turno
[2022-07-11 16:55:03] [ INFO ] [TurnoServiceImpl:39] Se listaron todos los turnos disponible
[2022-07-11 16:55:05] [ INFO ] [PacienteServiceImpl:52] Se encontro el Paciente
[2022-07-11 16:57:10] [ INFO ] [OdontologoServiceImpl:68] Se registro el Odontologo
[2022-07-11 16:57:11] [ INFO ] [OdontologoServiceImpl:41] Se listaron los Odontologos disponibles
[2022-07-11 16:57:23] [ INFO ] [OdontologoServiceImpl:68] Se registro el Odontologo
[2022-07-11 16:57:25] [ INFO ] [OdontologoServiceImpl:41] Se listaron los Odontologos disponibles
[2022-07-11 16:57:37] [ INFO ] [OdontologoServiceImpl:41] Se listaron los Odontologos disponibles
[2022-07-11 16:57:51] [ INFO ] [OdontologoServiceImpl:68] Se registro el Odontologo
[2022-07-11 16:57:56] [ INFO ] [OdontologoServiceImpl:41] Se listaron los Odontologos disponibles
[2022-07-11 16:58:01] [ INFO ] [PacienteServiceImpl:34] No se encontro ningun paciente cargado
[2022-07-11 16:58:17] [ INFO ] [PacienteServiceImpl:69] Se registro un Paciente
[2022-07-11 16:58:41] [ INFO ] [PacienteServiceImpl:69] Se registro un Paciente
[2022-07-11 16:58:47] [ INFO ] [PacienteServiceImpl:40] Se listaron los Pacientes disponibles
[2022-07-11 16:58:58] [ INFO ] [TurnoServiceImpl:72] Se registro el turno
[2022-07-11 16:59:01] [ INFO ] [TurnoServiceImpl:39] Se listaron todos los turnos disponible
[2022-07-11 16:59:03] [ INFO ] [TurnoServiceImpl:53] Se encontro el turno
[2022-07-11 16:59:14] [ INFO ] [TurnoServiceImpl:72] Se registro el turno
[2022-07-11 16:59:17] [ INFO ] [TurnoServiceImpl:39] Se listaron todos los turnos disponible
[2022-07-11 16:59:28] [ INFO ] [OdontologoServiceImpl:41] Se listaron los Odontologos disponibles
[2022-07-11 16:59:31] [ INFO ] [PacienteServiceImpl:40] Se listaron los Pacientes disponibles
[2022-07-11 16:59:35] [ INFO ] [TurnoServiceImpl:39] Se listaron todos los turnos disponible
[2022-07-11 16:59:35] [ INFO ] [TurnoServiceImpl:53] Se encontro el turno
[2022-07-11 16:59:37] [ INFO ] [TurnoServiceImpl:53] Se encontro el turno
[2022-07-11 16:59:39] [ INFO ] [TurnoServiceImpl:103] Se eliminó el turno id=2 de la base de datos
[2022-07-11 16:59:41] [ INFO ] [TurnoServiceImpl:39] Se listaron todos los turnos disponible
[2022-07-11 17:03:57] [ INFO ] [OdontologoServiceImpl:68] Se registro el Odontologo
[2022-07-11 17:04:04] [ INFO ] [OdontologoServiceImpl:68] Se registro el Odontologo
[2022-07-11 17:04:06] [ INFO ] [OdontologoServiceImpl:41] Se listaron los Odontologos disponibles
[2022-07-11 17:04:27] [ INFO ] [PacienteServiceImpl:69] Se registro un Paciente
[2022-07-11 17:04:47] [ INFO ] [PacienteServiceImpl:69] Se registro un Paciente
[2022-07-11 17:04:56] [ INFO ] [TurnoServiceImpl:72] Se registro el turno
[2022-07-11 17:04:58] [ INFO ] [TurnoServiceImpl:39] Se listaron todos los turnos disponible
[2022-07-11 17:04:59] [ INFO ] [TurnoServiceImpl:53] Se encontro el turno
[2022-07-11 17:05:12] [ INFO ] [TurnoServiceImpl:39] Se listaron todos los turnos disponible
[2022-07-11 17:05:15] [ INFO ] [TurnoServiceImpl:53] Se encontro el turno
[2022-07-11 17:05:19] [ INFO ] [TurnoServiceImpl:39] Se listaron todos los turnos disponible
[2022-07-11 17:05:24] [ INFO ] [OdontologoServiceImpl:41] Se listaron los Odontologos disponibles
[2022-07-11 17:05:32] [ INFO ] [TurnoServiceImpl:39] Se listaron todos los turnos disponible
[2022-07-11 17:05:33] [ INFO ] [TurnoServiceImpl:53] Se encontro el turno
[2022-07-11 17:06:41] [ INFO ] [TurnoServiceImpl:72] Se registro el turno
[2022-07-11 17:06:43] [ INFO ] [TurnoServiceImpl:39] Se listaron todos los turnos disponible
[2022-07-11 17:06:45] [ INFO ] [TurnoServiceImpl:53] Se encontro el turno
[2022-07-11 17:06:51] [ INFO ] [TurnoServiceImpl:39] Se listaron todos los turnos disponible
[2022-07-11 17:06:56] [ INFO ] [TurnoServiceImpl:53] Se encontro el turno
[2022-07-11 17:07:02] [ INFO ] [OdontologoServiceImpl:41] Se listaron los Odontologos disponibles
[2022-07-11 17:07:02] [ INFO ] [OdontologoServiceImpl:51] Se encontro el odontologo id:1
[2022-07-11 17:08:02] [ INFO ] [OdontologoServiceImpl:68] Se registro el Odontologo
[2022-07-11 17:08:09] [ INFO ] [OdontologoServiceImpl:68] Se registro el Odontologo
[2022-07-11 17:08:11] [ INFO ] [OdontologoServiceImpl:41] Se listaron los Odontologos disponibles
[2022-07-11 17:08:48] [ INFO ] [PacienteServiceImpl:69] Se registro un Paciente
[2022-07-11 17:09:17] [ INFO ] [PacienteServiceImpl:69] Se registro un Paciente
[2022-07-11 17:09:19] [ INFO ] [PacienteServiceImpl:40] Se listaron los Pacientes disponibles
[2022-07-11 17:09:29] [ INFO ] [TurnoServiceImpl:72] Se registro el turno
[2022-07-11 17:09:41] [ INFO ] [TurnoServiceImpl:39] Se listaron todos los turnos disponible
[2022-07-11 17:09:49] [ INFO ] [TurnoServiceImpl:72] Se registro el turno
[2022-07-11 17:09:51] [ INFO ] [TurnoServiceImpl:39] Se listaron todos los turnos disponible
[2022-07-11 17:09:52] [ INFO ] [TurnoServiceImpl:53] Se encontro el turno
[2022-07-11 17:09:58] [ INFO ] [TurnoServiceImpl:39] Se listaron todos los turnos disponible
[2022-07-11 17:10:18] [ INFO ] [TurnoServiceImpl:53] Se encontro el turno
[2022-07-11 17:10:28] [ INFO ] [OdontologoServiceImpl:41] Se listaron los Odontologos disponibles
[2022-07-11 17:10:34] [ INFO ] [TurnoServiceImpl:39] Se listaron todos los turnos disponible
[2022-07-11 17:10:37] [ INFO ] [TurnoServiceImpl:53] Se encontro el turno
[2022-07-11 17:10:43] [ INFO ] [TurnoServiceImpl:39] Se listaron todos los turnos disponible
[2022-07-11 17:10:45] [ INFO ] [OdontologoServiceImpl:41] Se listaron los Odontologos disponibles
[2022-07-11 17:10:49] [ INFO ] [TurnoServiceImpl:39] Se listaron todos los turnos disponible
[2022-07-11 17:11:41] [ INFO ] [TurnoServiceImpl:53] Se encontro el turno
[2022-07-11 17:11:51] [ INFO ] [TurnoServiceImpl:39] Se listaron todos los turnos disponible
[2022-07-11 17:11:53] [ INFO ] [TurnoServiceImpl:53] Se encontro el turno
[2022-07-11 17:11:59] [ INFO ] [TurnoServiceImpl:39] Se listaron todos los turnos disponible
[2022-07-11 17:13:43] [ INFO ] [OdontologoServiceImpl:68] Se registro el Odontologo
[2022-07-11 17:13:46] [ INFO ] [OdontologoServiceImpl:68] Se registro el Odontologo
[2022-07-11 17:13:59] [ INFO ] [PacienteServiceImpl:34] No se encontro ningun paciente cargado
[2022-07-11 17:14:14] [ INFO ] [PacienteServiceImpl:69] Se registro un Paciente
[2022-07-11 17:14:30] [ INFO ] [PacienteServiceImpl:69] Se registro un Paciente
[2022-07-11 17:14:37] [ INFO ] [TurnoServiceImpl:72] Se registro el turno
[2022-07-11 17:14:43] [ INFO ] [TurnoServiceImpl:72] Se registro el turno
[2022-07-11 17:14:45] [ INFO ] [TurnoServiceImpl:39] Se listaron todos los turnos disponible
[2022-07-11 17:14:47] [ INFO ] [TurnoServiceImpl:53] Se encontro el turno
[2022-07-11 17:14:52] [ INFO ] [TurnoServiceImpl:82] Se registro el turno
[2022-07-11 17:14:53] [ INFO ] [TurnoServiceImpl:39] Se listaron todos los turnos disponible
[2022-07-11 17:14:56] [ INFO ] [TurnoServiceImpl:53] Se encontro el turno
[2022-07-11 17:15:02] [ INFO ] [TurnoServiceImpl:82] Se registro el turno
[2022-07-11 17:15:02] [ INFO ] [TurnoServiceImpl:39] Se listaron todos los turnos disponible
[2022-07-11 17:15:04] [ INFO ] [TurnoServiceImpl:53] Se encontro el turno
[2022-07-11 17:15:09] [ INFO ] [TurnoServiceImpl:82] Se registro el turno
[2022-07-11 17:15:09] [ INFO ] [TurnoServiceImpl:39] Se listaron todos los turnos disponible
[2022-07-11 17:15:14] [ INFO ] [TurnoServiceImpl:103] Se eliminó el turno id=1 de la base de datos
[2022-07-11 17:15:15] [ INFO ] [TurnoServiceImpl:103] Se eliminó el turno id=2 de la base de datos
[2022-07-11 17:18:02] [ INFO ] [OdontologoServiceImpl:68] Se registro el Odontologo
[2022-07-11 17:18:06] [ INFO ] [OdontologoServiceImpl:68] Se registro el Odontologo
[2022-07-11 17:18:33] [ INFO ] [OdontologoServiceImpl:68] Se registro el Odontologo
[2022-07-11 17:18:36] [ INFO ] [OdontologoServiceImpl:68] Se registro el Odontologo
[2022-07-11 17:18:41] [ INFO ] [OdontologoServiceImpl:41] Se listaron los Odontologos disponibles
[2022-07-11 17:20:49] [ INFO ] [OdontologoServiceImpl:41] Se listaron los Odontologos disponibles
[2022-07-11 17:20:54] [ INFO ] [PacienteServiceImpl:34] No se encontro ningun paciente cargado
[2022-07-11 17:20:58] [ INFO ] [TurnoServiceImpl:32] No se encontro ningun turno cargado
[2022-07-11 17:21:17] [ INFO ] [PacienteServiceImpl:34] No se encontro ningun paciente cargado
[2022-07-11 17:21:23] [ INFO ] [OdontologoServiceImpl:41] Se listaron los Odontologos disponibles
[2022-07-11 17:21:32] [ INFO ] [PacienteServiceImpl:34] No se encontro ningun paciente cargado
[2022-07-11 17:21:39] [ INFO ] [OdontologoServiceImpl:41] Se listaron los Odontologos disponibles
[2022-07-11 17:21:42] [ INFO ] [PacienteServiceImpl:34] No se encontro ningun paciente cargado
[2022-07-11 17:21:44] [ INFO ] [PacienteServiceImpl:34] No se encontro ningun paciente cargado
[2022-07-11 17:21:45] [ INFO ] [OdontologoServiceImpl:41] Se listaron los Odontologos disponibles
[2022-07-11 17:21:48] [ INFO ] [PacienteServiceImpl:34] No se encontro ningun paciente cargado
[2022-07-11 17:21:55] [ INFO ] [TurnoServiceImpl:32] No se encontro ningun turno cargado
[2022-07-11 17:21:58] [ INFO ] [TurnoServiceImpl:32] No se encontro ningun turno cargado
[2022-07-11 17:23:48] [ INFO ] [TurnoServiceImpl:32] No se encontro ningun turno cargado
[2022-07-11 17:23:50] [ INFO ] [OdontologoServiceImpl:36] No se encontro ningun odontologo cargado
[2022-07-11 17:23:53] [ INFO ] [OdontologoServiceImpl:36] No se encontro ningun odontologo cargado
[2022-07-11 17:24:13] [ INFO ] [TurnoServiceImpl:32] No se encontro ningun turno cargado
[2022-07-11 17:24:29] [ INFO ] [TurnoServiceImpl:32] No se encontro ningun turno cargado
[2022-07-11 17:24:31] [ INFO ] [TurnoServiceImpl:32] No se encontro ningun turno cargado
[2022-07-11 17:25:31] [ INFO ] [TurnoServiceImpl:32] No se encontro ningun turno cargado
[2022-07-11 17:25:33] [ INFO ] [PacienteServiceImpl:34] No se encontro ningun paciente cargado
[2022-07-11 17:25:36] [ INFO ] [OdontologoServiceImpl:36] No se encontro ningun odontologo cargado
[2022-07-11 17:25:39] [ INFO ] [TurnoServiceImpl:32] No se encontro ningun turno cargado
[2022-07-11 17:25:57] [ INFO ] [TurnoServiceImpl:32] No se encontro ningun turno cargado
[2022-07-11 17:26:01] [ INFO ] [PacienteServiceImpl:34] No se encontro ningun paciente cargado
[2022-07-11 17:26:20] [ INFO ] [PacienteServiceImpl:34] No se encontro ningun paciente cargado
[2022-07-11 17:26:39] [ INFO ] [TurnoServiceImpl:32] No se encontro ningun turno cargado
[2022-07-11 17:26:53] [ INFO ] [OdontologoServiceImpl:36] No se encontro ningun odontologo cargado
[2022-07-11 17:49:13] [ INFO ] [OdontologoServiceImpl:36] No se encontro ningun odontologo cargado
[2022-07-11 17:49:14] [ INFO ] [PacienteServiceImpl:34] No se encontro ningun paciente cargado
[2022-07-11 17:49:15] [ INFO ] [TurnoServiceImpl:32] No se encontro ningun turno cargado
[2022-07-11 17:49:25] [ INFO ] [OdontologoServiceImpl:36] No se encontro ningun odontologo cargado
[2022-07-11 17:49:27] [ INFO ] [OdontologoServiceImpl:36] No se encontro ningun odontologo cargado
[2022-07-12 01:40:21] [ INFO ] [OdontologoServiceImpl:68] Se registro el Odontologo
[2022-07-12 01:40:23] [ INFO ] [OdontologoServiceImpl:41] Se listaron los Odontologos disponibles
[2022-07-12 01:40:24] [ INFO ] [OdontologoServiceImpl:51] Se encontro el odontologo id:1
[2022-07-12 01:40:26] [ INFO ] [OdontologoServiceImpl:107] Se elimino al odontologo id=1 de la base de datos
[2022-07-12 01:40:34] [ INFO ] [OdontologoServiceImpl:68] Se registro el Odontologo
[2022-07-12 01:40:57] [ INFO ] [PacienteServiceImpl:69] Se registro un Paciente
[2022-07-12 01:41:02] [ INFO ] [TurnoServiceImpl:72] Se registro el turno
[2022-07-12 01:41:04] [ INFO ] [TurnoServiceImpl:32] No se encontro ningun turno cargado
[2022-07-12 01:41:06] [ INFO ] [OdontologoServiceImpl:41] Se listaron los Odontologos disponibles
[2022-07-12 01:41:07] [ INFO ] [PacienteServiceImpl:40] Se listaron los Pacientes disponibles
[2022-07-12 01:41:09] [ INFO ] [TurnoServiceImpl:32] No se encontro ningun turno cargado
[2022-07-12 01:41:15] [ INFO ] [TurnoServiceImpl:72] Se registro el turno
[2022-07-12 01:41:17] [ INFO ] [TurnoServiceImpl:32] No se encontro ningun turno cargado
[2022-07-12 01:41:20] [ INFO ] [PacienteServiceImpl:40] Se listaron los Pacientes disponibles
[2022-07-12 01:41:21] [ INFO ] [OdontologoServiceImpl:41] Se listaron los Odontologos disponibles
[2022-07-12 01:41:24] [ INFO ] [TurnoServiceImpl:32] No se encontro ningun turno cargado
[2022-07-12 01:43:32] [ INFO ] [OdontologoServiceImpl:68] Se registro el Odontologo
[2022-07-12 01:43:33] [ INFO ] [OdontologoServiceImpl:41] Se listaron los Odontologos disponibles
[2022-07-12 01:43:55] [ INFO ] [PacienteServiceImpl:69] Se registro un Paciente
[2022-07-12 01:43:59] [ INFO ] [PacienteServiceImpl:40] Se listaron los Pacientes disponibles
[2022-07-12 01:44:03] [ INFO ] [TurnoServiceImpl:72] Se registro el turno
[2022-07-12 01:44:05] [ INFO ] [TurnoServiceImpl:39] Se listaron todos los turnos disponible
[2022-07-12 01:44:08] [ INFO ] [OdontologoServiceImpl:41] Se listaron los Odontologos disponibles
[2022-07-12 01:44:09] [ INFO ] [PacienteServiceImpl:40] Se listaron los Pacientes disponibles
[2022-07-12 01:44:11] [ INFO ] [TurnoServiceImpl:39] Se listaron todos los turnos disponible
[2022-07-12 01:44:17] [ INFO ] [OdontologoServiceImpl:41] Se listaron los Odontologos disponibles
[2022-07-12 01:44:18] [ INFO ] [OdontologoServiceImpl:51] Se encontro el odontologo id:1
[2022-07-12 01:44:24] [ INFO ] [OdontologoServiceImpl:81] Se actualizo el Odontologo
[2022-07-12 01:44:24] [ INFO ] [OdontologoServiceImpl:41] Se listaron los Odontologos disponibles
[2022-07-12 01:44:26] [ INFO ] [PacienteServiceImpl:40] Se listaron los Pacientes disponibles
[2022-07-12 01:44:28] [ INFO ] [PacienteServiceImpl:52] Se encontro el Paciente
[2022-07-12 01:44:35] [ INFO ] [PacienteServiceImpl:81] Se actualizo el Paciente
[2022-07-12 01:44:35] [ INFO ] [PacienteServiceImpl:40] Se listaron los Pacientes disponibles
[2022-07-12 01:44:38] [ INFO ] [TurnoServiceImpl:39] Se listaron todos los turnos disponible
[2022-07-12 01:44:42] [ INFO ] [TurnoServiceImpl:53] Se encontro el turno
[2022-07-12 01:44:48] [ INFO ] [TurnoServiceImpl:82] Se registro el turno
[2022-07-12 01:44:49] [ INFO ] [TurnoServiceImpl:39] Se listaron todos los turnos disponible
[2022-07-12 01:45:01] [ INFO ] [TurnoServiceImpl:103] Se eliminó el turno id=1 de la base de datos
[2022-07-12 01:45:04] [ INFO ] [TurnoServiceImpl:32] No se encontro ningun turno cargado
[2022-07-12 13:22:58] [ INFO ] [TurnoServiceImpl:32] No se encontro ningun turno cargado
[2022-07-12 13:23:00] [ INFO ] [OdontologoServiceImpl:36] No se encontro ningun odontologo cargado
[2022-07-12 14:07:53] [ INFO ] [OdontologoServiceImpl:68] Se registro el Odontologo
[2022-07-12 14:07:54] [ INFO ] [OdontologoServiceImpl:41] Se listaron los Odontologos disponibles
[2022-07-12 14:07:55] [ INFO ] [OdontologoServiceImpl:51] Se encontro el odontologo id:1
[2022-07-12 14:08:00] [ INFO ] [OdontologoServiceImpl:81] Se actualizo el Odontologo
[2022-07-12 14:08:00] [ INFO ] [OdontologoServiceImpl:41] Se listaron los Odontologos disponibles
[2022-07-12 14:08:02] [ INFO ] [OdontologoServiceImpl:107] Se elimino al odontologo id=1 de la base de datos
[2022-07-12 14:08:16] [ INFO ] [PacienteServiceImpl:69] Se registro un Paciente
[2022-07-12 14:08:18] [ INFO ] [PacienteServiceImpl:40] Se listaron los Pacientes disponibles
[2022-07-12 14:08:19] [ INFO ] [PacienteServiceImpl:52] Se encontro el Paciente
[2022-07-12 14:08:25] [ INFO ] [PacienteServiceImpl:81] Se actualizo el Paciente
[2022-07-12 14:08:25] [ INFO ] [PacienteServiceImpl:40] Se listaron los Pacientes disponibles
[2022-07-12 14:08:32] [ INFO ] [OdontologoServiceImpl:68] Se registro el Odontologo
[2022-07-12 14:08:39] [ INFO ] [TurnoServiceImpl:72] Se registro el turno
[2022-07-12 14:08:41] [ INFO ] [TurnoServiceImpl:32] No se encontro ningun turno cargado
[2022-07-12 14:08:51] [ INFO ] [TurnoServiceImpl:72] Se registro el turno
[2022-07-12 14:08:53] [ INFO ] [TurnoServiceImpl:32] No se encontro ningun turno cargado
[2022-07-12 14:09:01] [ INFO ] [TurnoServiceImpl:72] Se registro el turno
[2022-07-12 14:09:02] [ INFO ] [TurnoServiceImpl:32] No se encontro ningun turno cargado
[2022-07-12 14:09:05] [ INFO ] [PacienteServiceImpl:40] Se listaron los Pacientes disponibles
[2022-07-12 14:09:08] [ INFO ] [OdontologoServiceImpl:41] Se listaron los Odontologos disponibles
[2022-07-12 14:09:18] [ INFO ] [TurnoServiceImpl:72] Se registro el turno
[2022-07-12 14:09:20] [ INFO ] [TurnoServiceImpl:39] Se listaron todos los turnos disponible
[2022-07-12 14:09:25] [ INFO ] [TurnoServiceImpl:53] Se encontro el turno
[2022-07-12 14:09:29] [ INFO ] [TurnoServiceImpl:53] Se encontro el turno
[2022-07-12 14:09:38] [ INFO ] [OdontologoServiceImpl:68] Se registro el Odontologo
[2022-07-12 14:09:39] [ INFO ] [OdontologoServiceImpl:41] Se listaron los Odontologos disponibles
[2022-07-12 14:09:43] [ INFO ] [TurnoServiceImpl:39] Se listaron todos los turnos disponible
[2022-07-12 14:09:43] [ INFO ] [TurnoServiceImpl:53] Se encontro el turno
[2022-07-12 14:09:50] [ INFO ] [TurnoServiceImpl:82] Se registro el turno
[2022-07-12 14:09:51] [ INFO ] [TurnoServiceImpl:39] Se listaron todos los turnos disponible
[2022-07-12 14:09:58] [ INFO ] [OdontologoServiceImpl:41] Se listaron los Odontologos disponibles
[2022-07-12 14:10:02] [ INFO ] [TurnoServiceImpl:39] Se listaron todos los turnos disponible
[2022-07-12 14:10:04] [ INFO ] [TurnoServiceImpl:53] Se encontro el turno
[2022-07-12 14:10:12] [ INFO ] [TurnoServiceImpl:82] Se registro el turno
[2022-07-12 14:10:12] [ INFO ] [TurnoServiceImpl:39] Se listaron todos los turnos disponible
[2022-07-12 14:10:15] [ INFO ] [TurnoServiceImpl:53] Se encontro el turno
[2022-07-12 14:10:19] [ INFO ] [TurnoServiceImpl:82] Se registro el turno
[2022-07-12 14:10:20] [ INFO ] [TurnoServiceImpl:39] Se listaron todos los turnos disponible
[2022-07-12 14:10:21] [ INFO ] [TurnoServiceImpl:53] Se encontro el turno
[2022-07-12 14:10:25] [ INFO ] [TurnoServiceImpl:103] Se eliminó el turno id=4 de la base de datos
[2022-07-12 14:10:27] [ INFO ] [PacienteServiceImpl:40] Se listaron los Pacientes disponibles
[2022-07-12 14:10:28] [ INFO ] [PacienteServiceImpl:103] Se elimino al Paciente
[2022-07-12 14:10:30] [ INFO ] [OdontologoServiceImpl:41] Se listaron los Odontologos disponibles
[2022-07-12 14:10:31] [ INFO ] [OdontologoServiceImpl:107] Se elimino al odontologo id=2 de la base de datos
[2022-07-12 14:10:31] [ INFO ] [OdontologoServiceImpl:107] Se elimino al odontologo id=3 de la base de datos
[2022-07-12 14:20:39] [ INFO ] [PacienteServiceImpl:69] Se registro un Paciente
[2022-07-12 14:20:41] [ INFO ] [PacienteServiceImpl:40] Se listaron los Pacientes disponibles
[2022-07-12 14:20:43] [ INFO ] [PacienteServiceImpl:103] Se elimino al Paciente
[2022-07-12 14:20:49] [ INFO ] [PacienteServiceImpl:34] No se encontro ningun paciente cargado
[2022-07-12 16:33:42] [ INFO ] [Odontologo:27] Se listo los odontologos disponibles
[2022-07-12 16:33:42] [ INFO ] [OdontologoServiceImpl:36] No se encontro ningun odontologo cargado
[2022-07-12 16:33:53] [ INFO ] [OdontologoServiceImpl:68] Se registro el Odontologo
[2022-07-12 16:33:57] [ INFO ] [Odontologo:27] Se listo los odontologos disponibles
[2022-07-12 16:33:57] [ INFO ] [OdontologoServiceImpl:41] Se listaron los Odontologos disponibles
[2022-07-12 16:33:57] [ INFO ] [Odontologo:27] Se listo los odontologos disponibles
[2022-07-12 16:34:29] [ INFO ] [Odontologo:27] Se listo los odontologos disponibles
[2022-07-12 16:40:53] [ INFO ] [Odontologo:38] Se guardo el odontologo
[2022-07-12 16:40:53] [ INFO ] [Odontologo:56] Se encontro el Odontologo
[2022-07-12 16:40:53] [ INFO ] [Odontologo:56] Se encontro el Odontologo
[2022-07-12 16:40:53] [ INFO ] [Odontologo:27] Se listo los odontologos disponibles
[2022-07-12 16:40:53] [ INFO ] [Odontologo:75] Se actualizo el odontologo
[2022-07-12 16:40:53] [ INFO ] [Odontologo:56] Se encontro el Odontologo
[2022-07-12 16:40:53] [ INFO ] [Odontologo:65] Se elimino el odontologo
[2022-07-12 16:49:25] [ INFO ] [Paciente:45] Se guardo el paciente
[2022-07-12 16:49:25] [ INFO ] [Paciente:79] Se encontro el odontologo id:1
[2022-07-12 16:49:25] [ INFO ] [Paciente:79] Se encontro el odontologo id:1
[2022-07-12 16:49:25] [ INFO ] [Paciente:29] Se listo los pacientes disponibles
[2022-07-12 16:49:25] [ INFO ] [Paciente:106] Se actualizo el paciente
[2022-07-12 16:49:25] [ INFO ] [Paciente:79] Se encontro el odontologo id:1
[2022-07-12 16:49:25] [ INFO ] [Paciente:88] Se elimino el odontologo id:1
[2022-07-12 16:53:10] [ INFO ] [Odontologo:38] Se guardo el odontologo
[2022-07-12 16:53:10] [ INFO ] [Odontologo:56] Se encontro el Odontologo
[2022-07-12 16:53:10] [ INFO ] [Odontologo:56] Se encontro el Odontologo
[2022-07-12 16:53:10] [ INFO ] [Odontologo:27] Se listo los odontologos disponibles
[2022-07-12 16:53:10] [ INFO ] [Odontologo:75] Se actualizo el odontologo
[2022-07-12 16:53:10] [ INFO ] [Odontologo:56] Se encontro el Odontologo
[2022-07-12 16:53:10] [ INFO ] [Odontologo:65] Se elimino el odontologo
[2022-07-12 17:03:57] [ INFO ] [Paciente:45] Se guardo el paciente
[2022-07-12 17:03:57] [ INFO ] [Paciente:79] Se encontro el odontologo id:1
[2022-07-12 17:03:57] [ INFO ] [Paciente:79] Se encontro el odontologo id:1
[2022-07-12 17:03:57] [ INFO ] [Paciente:29] Se listo los pacientes disponibles
[2022-07-12 17:03:57] [ INFO ] [Paciente:108] Se actualizo el paciente
[2022-07-12 17:03:57] [ INFO ] [Paciente:79] Se encontro el odontologo id:1
[2022-07-12 17:03:57] [ INFO ] [Paciente:88] Se elimino el paciente id:1
[2022-07-12 17:08:34] [ INFO ] [Odontologo:27] Se listo los odontologos disponibles
[2022-07-12 17:08:34] [ INFO ] [OdontologoServiceImpl:36] No se encontro ningun odontologo cargado
[2022-07-12 17:08:55] [ INFO ] [Paciente:29] Se listo los pacientes disponibles
[2022-07-12 17:08:55] [ INFO ] [PacienteServiceImpl:34] No se encontro ningun paciente cargado
[2022-07-12 17:09:08] [ INFO ] [Turno:30] Se listo los turnos disponibles
[2022-07-12 17:09:08] [ INFO ] [TurnoServiceImpl:32] No se encontro ningun turno cargado
[2022-07-12 17:09:30] [ INFO ] [OdontologoServiceImpl:68] Se registro el Odontologo
[2022-07-12 17:09:30] [ INFO ] [Odontologo:38] Se guardo el odontologo
[2022-07-12 17:11:34] [ INFO ] [Odontologo:27] Se listo los odontologos disponibles
[2022-07-12 17:11:34] [ INFO ] [OdontologoServiceImpl:41] Se listaron los Odontologos disponibles
[2022-07-12 17:11:34] [ INFO ] [Odontologo:27] Se listo los odontologos disponibles
[2022-07-12 17:12:42] [ INFO ] [Odontologo:27] Se listo los odontologos disponibles
[2022-07-12 17:12:42] [ INFO ] [OdontologoServiceImpl:36] No se encontro ningun odontologo cargado
[2022-07-12 17:13:34] [ INFO ] [OdontologoServiceImpl:36] No se encontro ningun odontologo cargado
[2022-07-12 17:14:20] [ INFO ] [OdontologoServiceImpl:68] Se registro el Odontologo
[2022-07-12 17:14:20] [ INFO ] [Odontologo:37] Se guardo el odontologo
[2022-07-12 17:15:15] [ INFO ] [Odontologo:37] Se guardo el odontologo
[2022-07-12 17:16:47] [ INFO ] [Odontologo:38] Se guardo el odontologo
[2022-07-12 17:19:50] [ INFO ] [Odontologo:38] Se guardo el odontologo
[2022-07-12 17:19:59] [ INFO ] [Odontologo:27] Se listo los odontologos disponibles
[2022-07-12 17:19:59] [ INFO ] [Odontologo:27] Se listo los odontologos disponibles
[2022-07-12 17:20:02] [ INFO ] [Odontologo:56] Se encontro el odontologo id:1
[2022-07-12 17:20:09] [ INFO ] [Odontologo:56] Se encontro el odontologo id:1
[2022-07-12 17:20:09] [ INFO ] [Odontologo:80] Se actualizo el odontologo
[2022-07-12 17:20:10] [ INFO ] [Odontologo:27] Se listo los odontologos disponibles
[2022-07-12 17:20:10] [ INFO ] [Odontologo:27] Se listo los odontologos disponibles
[2022-07-12 17:20:17] [ INFO ] [Odontologo:56] Se encontro el odontologo id:1
[2022-07-12 17:20:17] [ INFO ] [Odontologo:65] Se elimino el odontologo id:1
[2022-07-12 17:20:37] [ INFO ] [Odontologo:38] Se guardo el odontologo
[2022-07-12 17:20:37] [ INFO ] [Odontologo:56] Se encontro el odontologo id:1
[2022-07-12 17:20:38] [ INFO ] [Odontologo:56] Se encontro el odontologo id:1
[2022-07-12 17:20:38] [ INFO ] [Odontologo:27] Se listo los odontologos disponibles
[2022-07-12 17:20:38] [ INFO ] [Odontologo:80] Se actualizo el odontologo
[2022-07-12 17:20:38] [ INFO ] [Odontologo:56] Se encontro el odontologo id:1
[2022-07-12 17:20:38] [ INFO ] [Odontologo:65] Se elimino el odontologo id:1
[2022-07-12 17:23:27] [ INFO ] [Paciente:45] Se guardo el paciente
[2022-07-12 17:23:27] [ INFO ] [Paciente:79] Se encontro el odontologo id:1
[2022-07-12 17:23:27] [ INFO ] [Paciente:79] Se encontro el odontologo id:1
[2022-07-12 17:23:27] [ INFO ] [Paciente:29] Se listo los pacientes disponibles
[2022-07-12 17:23:28] [ INFO ] [Paciente:108] Se actualizo el paciente
[2022-07-12 17:23:28] [ INFO ] [Paciente:79] Se encontro el odontologo id:1
[2022-07-12 17:23:28] [ INFO ] [Paciente:88] Se elimino el paciente id:1
[2022-07-12 17:28:29] [ INFO ] [Odontologo:38] Se guardo el odontologo
[2022-07-12 17:28:29] [ INFO ] [Odontologo:56] Se encontro el odontologo id:1
[2022-07-12 17:28:29] [ INFO ] [Paciente:45] Se guardo el paciente
[2022-07-12 17:28:29] [ INFO ] [Paciente:79] Se encontro el odontologo id:1
[2022-07-12 17:28:29] [ INFO ] [Turno:44] Se guardo el turno
[2022-07-12 17:28:29] [ INFO ] [Turno:83] Se encontro el turno id:1
[2022-07-12 17:28:29] [ INFO ] [Turno:83] Se encontro el turno id:1
[2022-07-12 17:28:29] [ INFO ] [Turno:30] Se listo los turnos disponibles
[2022-07-12 17:28:30] [ INFO ] [Turno:111] Se actualizo el turno
[2022-07-12 17:28:30] [ INFO ] [Turno:83] Se encontro el turno id:1
[2022-07-12 17:28:30] [ INFO ] [Turno:93] Se elimino el turno id:1
[2022-07-12 18:55:44] [ INFO ] [Odontologo:27] Se listo los odontologos disponibles
[2022-07-12 18:55:44] [ INFO ] [OdontologoServiceImpl:36] No se encontro ningun odontologo cargado
[2022-07-12 18:55:51] [ INFO ] [Odontologo:38] Se guardo el odontologo
[2022-07-12 18:55:55] [ INFO ] [Odontologo:27] Se listo los odontologos disponibles
[2022-07-12 18:55:55] [ INFO ] [Odontologo:27] Se listo los odontologos disponibles
[2022-07-12 18:56:08] [ INFO ] [Odontologo:56] Se encontro el odontologo id:1
[2022-07-12 18:56:13] [ INFO ] [Odontologo:27] Se listo los odontologos disponibles
[2022-07-12 18:56:13] [ INFO ] [Odontologo:27] Se listo los odontologos disponibles
[2022-07-12 18:56:26] [ INFO ] [Odontologo:27] Se listo los odontologos disponibles
[2022-07-12 18:56:26] [ INFO ] [Odontologo:27] Se listo los odontologos disponibles
[2022-07-12 18:56:43] [ INFO ] [Odontologo:27] Se listo los odontologos disponibles
[2022-07-12 18:56:43] [ INFO ] [Odontologo:27] Se listo los odontologos disponibles
[2022-07-12 18:56:46] [ INFO ] [Paciente:29] Se listo los pacientes disponibles
[2022-07-12 18:56:46] [ INFO ] [PacienteServiceImpl:34] No se encontro ningun paciente cargado
[2022-07-12 18:57:24] [ INFO ] [Odontologo:27] Se listo los odontologos disponibles
[2022-07-12 18:57:24] [ INFO ] [Odontologo:27] Se listo los odontologos disponibles
[2022-07-12 18:57:25] [ INFO ] [Odontologo:56] Se encontro el odontologo id:1
[2022-07-12 18:57:30] [ INFO ] [Odontologo:56] Se encontro el odontologo id:1
[2022-07-12 18:57:30] [ INFO ] [Odontologo:80] Se actualizo el odontologo
[2022-07-12 18:57:30] [ INFO ] [Odontologo:27] Se listo los odontologos disponibles
[2022-07-12 18:57:30] [ INFO ] [Odontologo:27] Se listo los odontologos disponibles
[2022-07-12 18:57:52] [ INFO ] [Odontologo:56] Se encontro el odontologo id:1
[2022-07-12 18:57:52] [ INFO ] [Odontologo:65] Se elimino el odontologo id:1
[2022-07-12 18:57:55] [ INFO ] [Odontologo:27] Se listo los odontologos disponibles
[2022-07-12 18:57:55] [ INFO ] [OdontologoServiceImpl:36] No se encontro ningun odontologo cargado
[2022-07-12 18:58:12] [ INFO ] [Odontologo:38] Se guardo el odontologo
[2022-07-12 18:58:14] [ INFO ] [Odontologo:27] Se listo los odontologos disponibles
[2022-07-12 18:58:14] [ INFO ] [Odontologo:27] Se listo los odontologos disponibles
[2022-07-12 18:58:24] [ INFO ] [Odontologo:56] Se encontro el odontologo id:2
[2022-07-12 18:58:24] [ INFO ] [Odontologo:65] Se elimino el odontologo id:2
[2022-07-12 18:58:31] [ INFO ] [Paciente:29] Se listo los pacientes disponibles
[2022-07-12 18:58:31] [ INFO ] [PacienteServiceImpl:34] No se encontro ningun paciente cargado
[2022-07-12 18:58:54] [ INFO ] [Paciente:45] Se guardo el paciente
[2022-07-12 18:59:01] [ INFO ] [Paciente:29] Se listo los pacientes disponibles
[2022-07-12 18:59:01] [ INFO ] [Paciente:29] Se listo los pacientes disponibles
[2022-07-12 18:59:14] [ INFO ] [Paciente:79] Se encontro el odontologo id:1
[2022-07-12 18:59:19] [ INFO ] [Paciente:79] Se encontro el odontologo id:1
[2022-07-12 18:59:19] [ INFO ] [Paciente:108] Se actualizo el paciente
[2022-07-12 18:59:19] [ INFO ] [Paciente:29] Se listo los pacientes disponibles
[2022-07-12 18:59:19] [ INFO ] [Paciente:29] Se listo los pacientes disponibles
[2022-07-12 18:59:26] [ INFO ] [Paciente:79] Se encontro el odontologo id:1
[2022-07-12 18:59:26] [ INFO ] [Paciente:88] Se elimino el paciente id:1
[2022-07-12 19:01:51] [ INFO ] [Odontologo:38] Se guardo el odontologo
[2022-07-12 19:01:51] [ INFO ] [Odontologo:56] Se encontro el odontologo id:1
[2022-07-12 19:01:51] [ INFO ] [Odontologo:56] Se encontro el odontologo id:1
[2022-07-12 19:01:51] [ INFO ] [Odontologo:27] Se listo los odontologos disponibles
[2022-07-12 19:01:51] [ INFO ] [Odontologo:80] Se actualizo el odontologo
[2022-07-12 19:01:51] [ INFO ] [Odontologo:56] Se encontro el odontologo id:1
[2022-07-12 19:01:51] [ INFO ] [Odontologo:65] Se elimino el odontologo id:1
[2022-07-12 19:02:04] [ INFO ] [Odontologo:38] Se guardo el odontologo
[2022-07-12 19:02:04] [ INFO ] [Odontologo:56] Se encontro el odontologo id:1
[2022-07-12 19:02:04] [ INFO ] [Odontologo:56] Se encontro el odontologo id:1
[2022-07-12 19:02:04] [ INFO ] [Odontologo:27] Se listo los odontologos disponibles
[2022-07-12 19:02:04] [ INFO ] [Odontologo:80] Se actualizo el odontologo
[2022-07-12 19:02:04] [ INFO ] [Odontologo:56] Se encontro el odontologo id:1
[2022-07-12 19:02:04] [ INFO ] [Odontologo:65] Se elimino el odontologo id:1
[2022-07-12 19:02:16] [ INFO ] [Odontologo:38] Se guardo el odontologo
[2022-07-12 19:02:16] [ INFO ] [Odontologo:56] Se encontro el odontologo id:1
[2022-07-12 19:02:16] [ INFO ] [Odontologo:56] Se encontro el odontologo id:1
[2022-07-12 19:02:16] [ INFO ] [Odontologo:27] Se listo los odontologos disponibles
[2022-07-12 19:02:16] [ INFO ] [Odontologo:80] Se actualizo el odontologo
[2022-07-12 19:02:16] [ INFO ] [Odontologo:56] Se encontro el odontologo id:1
[2022-07-12 19:02:16] [ INFO ] [Odontologo:65] Se elimino el odontologo id:1
